SF:lib/src/notification_handler.dart
DA:11,0
DA:21,6
DA:22,6
DA:24,6
DA:37,4
DA:38,4
DA:42,4
DA:48,4
DA:51,2
DA:54,2
DA:56,2
DA:62,6
DA:68,6
DA:69,2
DA:72,2
DA:73,2
DA:77,2
DA:83,4
DA:84,0
DA:85,0
DA:86,0
DA:89,0
DA:92,0
DA:96,4
DA:97,0
DA:101,4
DA:103,0
DA:107,8
DA:108,2
DA:109,2
DA:112,2
DA:116,6
DA:122,6
DA:125,6
DA:126,2
DA:130,0
DA:132,0
DA:133,0
DA:134,0
DA:138,0
DA:141,2
DA:142,2
DA:151,2
DA:155,0
DA:161,4
DA:174,6
DA:175,6
DA:176,2
DA:180,1
DA:182,1
DA:183,1
DA:184,1
DA:185,1
DA:186,1
DA:190,4
DA:200,8
DA:202,0
DA:203,0
DA:204,0
DA:205,0
DA:212,0
DA:213,0
DA:215,0
DA:217,0
DA:218,0
DA:219,0
DA:220,0
DA:228,4
DA:229,8
DA:236,2
DA:241,2
DA:242,0
DA:243,0
DA:246,0
DA:252,2
DA:253,0
DA:254,0
DA:259,0
DA:268,0
DA:278,4
DA:280,4
DA:281,0
DA:289,4
DA:291,0
DA:293,0
DA:294,0
DA:296,0
LF:87
LH:50
end_of_record
SF:lib/src/navigation_handler.dart
DA:33,3
DA:39,1
DA:41,3
DA:42,3
DA:46,2
DA:47,2
DA:49,4
DA:50,3
DA:52,3
LF:9
LH:9
end_of_record
SF:lib/src/unified_messaging.dart
DA:8,3
DA:9,3
DA:11,3
DA:20,2
DA:21,4
DA:31,3
DA:37,3
DA:39,6
DA:42,0
DA:43,0
DA:54,3
DA:60,6
DA:64,3
DA:65,6
LF:14
LH:12
end_of_record
